<?xml version="1.0" encoding="UTF-8"?>
<testng-results ignored="0" total="3" passed="3" failed="0" skipped="0">
  <reporter-output>
  </reporter-output>
  <suite started-at="2025-09-16T19:21:30 IST" name="Surefire suite" finished-at="2025-09-16T19:21:49 IST" duration-ms="18775">
    <groups>
      <group name="cucumber">
        <method signature="AbstractTestNGCucumberTests.runScenario(io.cucumber.testng.PickleWrapper,io.cucumber.testng.FeatureWrapper)[pri:0, instance:StepDefination.TestRunner@4b8ee4de]" name="runScenario" class="io.cucumber.testng.AbstractTestNGCucumberTests"/>
      </group> <!-- cucumber -->
    </groups>
    <test started-at="2025-09-16T19:21:30 IST" name="Surefire test" finished-at="2025-09-16T19:21:49 IST" duration-ms="18775">
      <class name="StepDefination.TestRunner">
        <test-method is-config="true" signature="setUpClass(org.testng.ITestContext)[pri:0, instance:StepDefination.TestRunner@4b8ee4de]" started-at="2025-09-16T19:21:30 IST" name="setUpClass" finished-at="2025-09-16T19:21:30 IST" duration-ms="347" status="PASS">
          <params>
            <param index="0">
              <value>
                <![CDATA[org.testng.TestRunner@1b66c0fb]]>
              </value>
            </param>
          </params>
          <reporter-output>
          </reporter-output>
        </test-method> <!-- setUpClass -->
        <test-method signature="runScenario(io.cucumber.testng.PickleWrapper,io.cucumber.testng.FeatureWrapper)[pri:0, instance:StepDefination.TestRunner@4b8ee4de]" started-at="2025-09-16T19:21:30 IST" name="runScenario" description="Runs Cucumber Scenarios" data-provider="scenarios" finished-at="2025-09-16T19:21:49 IST" duration-ms="18343" status="PASS">
          <params>
            <param index="0">
              <value>
                <![CDATA["login verify again"]]>
              </value>
            </param>
            <param index="1">
              <value>
                <![CDATA["login feature"]]>
              </value>
            </param>
          </params>
          <reporter-output>
          </reporter-output>
        </test-method> <!-- runScenario -->
        <test-method signature="runScenario(io.cucumber.testng.PickleWrapper,io.cucumber.testng.FeatureWrapper)[pri:0, instance:StepDefination.TestRunner@4b8ee4de]" started-at="2025-09-16T19:21:30 IST" name="runScenario" description="Runs Cucumber Scenarios" data-provider="scenarios" finished-at="2025-09-16T19:21:49 IST" duration-ms="18325" status="PASS">
          <params>
            <param index="0">
              <value>
                <![CDATA["facebook verify"]]>
              </value>
            </param>
            <param index="1">
              <value>
                <![CDATA["facebook feature"]]>
              </value>
            </param>
          </params>
          <reporter-output>
          </reporter-output>
        </test-method> <!-- runScenario -->
        <test-method signature="runScenario(io.cucumber.testng.PickleWrapper,io.cucumber.testng.FeatureWrapper)[pri:0, instance:StepDefination.TestRunner@4b8ee4de]" started-at="2025-09-16T19:21:30 IST" name="runScenario" description="Runs Cucumber Scenarios" data-provider="scenarios" finished-at="2025-09-16T19:21:49 IST" duration-ms="18325" status="PASS">
          <params>
            <param index="0">
              <value>
                <![CDATA["login verify"]]>
              </value>
            </param>
            <param index="1">
              <value>
                <![CDATA["login feature"]]>
              </value>
            </param>
          </params>
          <reporter-output>
          </reporter-output>
        </test-method> <!-- runScenario -->
        <test-method is-config="true" signature="tearDownClass()[pri:0, instance:StepDefination.TestRunner@4b8ee4de]" started-at="2025-09-16T19:21:49 IST" name="tearDownClass" finished-at="2025-09-16T19:21:49 IST" duration-ms="15" status="PASS">
          <reporter-output>
          </reporter-output>
        </test-method> <!-- tearDownClass -->
      </class> <!-- StepDefination.TestRunner -->
    </test> <!-- Surefire test -->
  </suite> <!-- Surefire suite -->
</testng-results>
